<?xml version="1.0" encoding="utf-8"?>
<coverage line-rate="0.5539000000000001" branch-rate="0.6" version="1.9" timestamp="1672912960" lines-covered="226" lines-valid="408" branches-covered="6" branches-valid="10">
  <sources>
    <source>C:\Users\NotRich22\</source>
  </sources>
  <packages>
    <package name="JsonAmveraConvertationApiApp" line-rate="0.4629" branch-rate="0.6" complexity="72">
      <classes>
        <class name="Program" filename="Desktop\JsonAmveraConvertationApiApp\JsonAmveraConvertationApiApp\Program.cs" line-rate="0" branch-rate="1" complexity="1">
          <methods>
            <method name="&lt;Main&gt;$" signature="(System.String[])" line-rate="0" branch-rate="1" complexity="1">
              <lines>
                <line number="8" hits="0" branch="False" />
                <line number="10" hits="0" branch="False" />
                <line number="11" hits="0" branch="False" />
                <line number="12" hits="0" branch="False" />
                <line number="13" hits="0" branch="False" />
                <line number="14" hits="0" branch="False" />
                <line number="15" hits="0" branch="False" />
                <line number="16" hits="0" branch="False" />
                <line number="17" hits="0" branch="False" />
                <line number="19" hits="0" branch="False" />
                <line number="21" hits="0" branch="False" />
                <line number="23" hits="0" branch="False" />
                <line number="24" hits="0" branch="False" />
                <line number="25" hits="0" branch="False" />
                <line number="26" hits="0" branch="False" />
                <line number="27" hits="0" branch="False" />
                <line number="28" hits="0" branch="False" />
                <line number="29" hits="0" branch="False" />
                <line number="30" hits="0" branch="False" />
                <line number="32" hits="0" branch="False" />
              </lines>
            </method>
          </methods>
          <lines>
            <line number="8" hits="0" branch="False" />
            <line number="10" hits="0" branch="False" />
            <line number="11" hits="0" branch="False" />
            <line number="12" hits="0" branch="False" />
            <line number="13" hits="0" branch="False" />
            <line number="14" hits="0" branch="False" />
            <line number="15" hits="0" branch="False" />
            <line number="16" hits="0" branch="False" />
            <line number="17" hits="0" branch="False" />
            <line number="19" hits="0" branch="False" />
            <line number="21" hits="0" branch="False" />
            <line number="23" hits="0" branch="False" />
            <line number="24" hits="0" branch="False" />
            <line number="25" hits="0" branch="False" />
            <line number="26" hits="0" branch="False" />
            <line number="27" hits="0" branch="False" />
            <line number="28" hits="0" branch="False" />
            <line number="29" hits="0" branch="False" />
            <line number="30" hits="0" branch="False" />
            <line number="32" hits="0" branch="False" />
          </lines>
        </class>
        <class name="JsonAmveraConvertationApiApp.Middleware" filename="Desktop\JsonAmveraConvertationApiApp\JsonAmveraConvertationApiApp\Middleware.cs" line-rate="0" branch-rate="1" complexity="1">
          <methods>
            <method name=".ctor" signature="(Microsoft.AspNetCore.Http.RequestDelegate)" line-rate="0" branch-rate="1" complexity="1">
              <lines>
                <line number="10" hits="0" branch="False" />
                <line number="11" hits="0" branch="False" />
                <line number="12" hits="0" branch="False" />
                <line number="13" hits="0" branch="False" />
              </lines>
            </method>
          </methods>
          <lines>
            <line number="10" hits="0" branch="False" />
            <line number="11" hits="0" branch="False" />
            <line number="12" hits="0" branch="False" />
            <line number="13" hits="0" branch="False" />
          </lines>
        </class>
        <class name="JsonAmveraConvertationApiApp.Middleware/&lt;InvokeAsync&gt;d__2" filename="Desktop\JsonAmveraConvertationApiApp\JsonAmveraConvertationApiApp\Middleware.cs" line-rate="0" branch-rate="0" complexity="2">
          <methods>
            <method name="MoveNext" signature="()" line-rate="0" branch-rate="0" complexity="2">
              <lines>
                <line number="15" hits="0" branch="False" />
                <line number="16" hits="0" branch="False" />
                <line number="17" hits="0" branch="True" condition-coverage="0% (0/2)">
                  <conditions>
                    <condition number="191" type="jump" coverage="0%" />
                  </conditions>
                </line>
                <line number="18" hits="0" branch="False" />
                <line number="19" hits="0" branch="False" />
                <line number="20" hits="0" branch="False" />
                <line number="21" hits="0" branch="False" />
                <line number="22" hits="0" branch="False" />
                <line number="23" hits="0" branch="False" />
              </lines>
            </method>
          </methods>
          <lines>
            <line number="15" hits="0" branch="False" />
            <line number="16" hits="0" branch="False" />
            <line number="17" hits="0" branch="True" condition-coverage="0% (0/2)">
              <conditions>
                <condition number="191" type="jump" coverage="0%" />
              </conditions>
            </line>
            <line number="18" hits="0" branch="False" />
            <line number="19" hits="0" branch="False" />
            <line number="20" hits="0" branch="False" />
            <line number="21" hits="0" branch="False" />
            <line number="22" hits="0" branch="False" />
            <line number="23" hits="0" branch="False" />
          </lines>
        </class>
        <class name="JsonAmveraConvertationApiApp.Services.ConverterLogicService" filename="Desktop\JsonAmveraConvertationApiApp\JsonAmveraConvertationApiApp\Services\ConverterLogicService.cs" line-rate="1" branch-rate="1" complexity="1">
          <methods>
            <method name="Convert" signature="(JsonAmveraConvertationApiApp.Messages.Messages/ConvertInputMessage,JsonAmveraConvertationApiApp.Services.IBaseConverter)" line-rate="1" branch-rate="1" complexity="1">
              <lines>
                <line number="8" hits="1" branch="False" />
                <line number="9" hits="1" branch="False" />
                <line number="10" hits="1" branch="False" />
              </lines>
            </method>
          </methods>
          <lines>
            <line number="8" hits="1" branch="False" />
            <line number="9" hits="1" branch="False" />
            <line number="10" hits="1" branch="False" />
          </lines>
        </class>
        <class name="JsonAmveraConvertationApiApp.Services.DBLogicService/&lt;AddHost&gt;d__1" filename="Desktop\JsonAmveraConvertationApiApp\JsonAmveraConvertationApiApp\Services\DBLogicService.cs" line-rate="1" branch-rate="1" complexity="1">
          <methods>
            <method name="MoveNext" signature="()" line-rate="1" branch-rate="1" complexity="1">
              <lines>
                <line number="25" hits="1" branch="False" />
                <line number="26" hits="1" branch="False" />
                <line number="27" hits="1" branch="False" />
                <line number="28" hits="1" branch="False" />
                <line number="29" hits="1" branch="False" />
                <line number="30" hits="1" branch="False" />
                <line number="32" hits="1" branch="False" />
              </lines>
            </method>
          </methods>
          <lines>
            <line number="25" hits="1" branch="False" />
            <line number="26" hits="1" branch="False" />
            <line number="27" hits="1" branch="False" />
            <line number="28" hits="1" branch="False" />
            <line number="29" hits="1" branch="False" />
            <line number="30" hits="1" branch="False" />
            <line number="32" hits="1" branch="False" />
          </lines>
        </class>
        <class name="JsonAmveraConvertationApiApp.Services.DBLogicService/&lt;AddRequest&gt;d__7" filename="Desktop\JsonAmveraConvertationApiApp\JsonAmveraConvertationApiApp\Services\DBLogicService.cs" line-rate="1" branch-rate="1" complexity="1">
          <methods>
            <method name="MoveNext" signature="()" line-rate="1" branch-rate="1" complexity="1">
              <lines>
                <line number="75" hits="1" branch="False" />
                <line number="76" hits="1" branch="False" />
                <line number="77" hits="1" branch="False" />
                <line number="78" hits="1" branch="False" />
                <line number="79" hits="1" branch="False" />
                <line number="80" hits="1" branch="False" />
                <line number="81" hits="1" branch="False" />
                <line number="83" hits="1" branch="False" />
              </lines>
            </method>
          </methods>
          <lines>
            <line number="75" hits="1" branch="False" />
            <line number="76" hits="1" branch="False" />
            <line number="77" hits="1" branch="False" />
            <line number="78" hits="1" branch="False" />
            <line number="79" hits="1" branch="False" />
            <line number="80" hits="1" branch="False" />
            <line number="81" hits="1" branch="False" />
            <line number="83" hits="1" branch="False" />
          </lines>
        </class>
        <class name="JsonAmveraConvertationApiApp.Services.DBLogicService/&lt;DeleteHost&gt;d__6" filename="Desktop\JsonAmveraConvertationApiApp\JsonAmveraConvertationApiApp\Services\DBLogicService.cs" line-rate="1" branch-rate="1" complexity="1">
          <methods>
            <method name="MoveNext" signature="()" line-rate="1" branch-rate="1" complexity="1">
              <lines>
                <line number="66" hits="1" branch="False" />
                <line number="67" hits="1" branch="False" />
                <line number="68" hits="1" branch="False" />
                <line number="69" hits="1" branch="False" />
                <line number="70" hits="1" branch="False" />
                <line number="71" hits="1" branch="False" />
                <line number="72" hits="1" branch="False" />
              </lines>
            </method>
          </methods>
          <lines>
            <line number="66" hits="1" branch="False" />
            <line number="67" hits="1" branch="False" />
            <line number="68" hits="1" branch="False" />
            <line number="69" hits="1" branch="False" />
            <line number="70" hits="1" branch="False" />
            <line number="71" hits="1" branch="False" />
            <line number="72" hits="1" branch="False" />
          </lines>
        </class>
        <class name="JsonAmveraConvertationApiApp.Services.DBLogicService/&lt;DeleteRequest&gt;d__11" filename="Desktop\JsonAmveraConvertationApiApp\JsonAmveraConvertationApiApp\Services\DBLogicService.cs" line-rate="1" branch-rate="1" complexity="1">
          <methods>
            <method name="MoveNext" signature="()" line-rate="1" branch-rate="1" complexity="1">
              <lines>
                <line number="112" hits="1" branch="False" />
                <line number="113" hits="1" branch="False" />
                <line number="114" hits="1" branch="False" />
                <line number="115" hits="1" branch="False" />
                <line number="116" hits="1" branch="False" />
                <line number="117" hits="1" branch="False" />
                <line number="118" hits="1" branch="False" />
              </lines>
            </method>
          </methods>
          <lines>
            <line number="112" hits="1" branch="False" />
            <line number="113" hits="1" branch="False" />
            <line number="114" hits="1" branch="False" />
            <line number="115" hits="1" branch="False" />
            <line number="116" hits="1" branch="False" />
            <line number="117" hits="1" branch="False" />
            <line number="118" hits="1" branch="False" />
          </lines>
        </class>
        <class name="JsonAmveraConvertationApiApp.Services.DBLogicService/&lt;GetHost&gt;d__3" filename="Desktop\JsonAmveraConvertationApiApp\JsonAmveraConvertationApiApp\Services\DBLogicService.cs" line-rate="1" branch-rate="1" complexity="1">
          <methods>
            <method name="MoveNext" signature="()" line-rate="1" branch-rate="1" complexity="1">
              <lines>
                <line number="41" hits="1" branch="False" />
                <line number="42" hits="1" branch="False" />
                <line number="43" hits="1" branch="False" />
                <line number="44" hits="1" branch="False" />
                <line number="46" hits="1" branch="False" />
              </lines>
            </method>
          </methods>
          <lines>
            <line number="41" hits="1" branch="False" />
            <line number="42" hits="1" branch="False" />
            <line number="43" hits="1" branch="False" />
            <line number="44" hits="1" branch="False" />
            <line number="46" hits="1" branch="False" />
          </lines>
        </class>
        <class name="JsonAmveraConvertationApiApp.Services.DBLogicService/&lt;GetHostByÌP&gt;d__4" filename="Desktop\JsonAmveraConvertationApiApp\JsonAmveraConvertationApiApp\Services\DBLogicService.cs" line-rate="1" branch-rate="1" complexity="1">
          <methods>
            <method name="MoveNext" signature="()" line-rate="1" branch-rate="1" complexity="1">
              <lines>
                <line number="48" hits="1" branch="False" />
                <line number="49" hits="1" branch="False" />
                <line number="50" hits="1" branch="False" />
                <line number="51" hits="1" branch="False" />
                <line number="53" hits="1" branch="False" />
              </lines>
            </method>
          </methods>
          <lines>
            <line number="48" hits="1" branch="False" />
            <line number="49" hits="1" branch="False" />
            <line number="50" hits="1" branch="False" />
            <line number="51" hits="1" branch="False" />
            <line number="53" hits="1" branch="False" />
          </lines>
        </class>
        <class name="JsonAmveraConvertationApiApp.Services.DBLogicService/&lt;GetHosts&gt;d__2" filename="Desktop\JsonAmveraConvertationApiApp\JsonAmveraConvertationApiApp\Services\DBLogicService.cs" line-rate="1" branch-rate="1" complexity="1">
          <methods>
            <method name="MoveNext" signature="()" line-rate="1" branch-rate="1" complexity="1">
              <lines>
                <line number="34" hits="1" branch="False" />
                <line number="35" hits="1" branch="False" />
                <line number="36" hits="1" branch="False" />
                <line number="37" hits="1" branch="False" />
                <line number="39" hits="1" branch="False" />
              </lines>
            </method>
          </methods>
          <lines>
            <line number="34" hits="1" branch="False" />
            <line number="35" hits="1" branch="False" />
            <line number="36" hits="1" branch="False" />
            <line number="37" hits="1" branch="False" />
            <line number="39" hits="1" branch="False" />
          </lines>
        </class>
        <class name="JsonAmveraConvertationApiApp.Services.DBLogicService/&lt;GetRequest&gt;d__9" filename="Desktop\JsonAmveraConvertationApiApp\JsonAmveraConvertationApiApp\Services\DBLogicService.cs" line-rate="1" branch-rate="1" complexity="1">
          <methods>
            <method name="MoveNext" signature="()" line-rate="1" branch-rate="1" complexity="1">
              <lines>
                <line number="93" hits="1" branch="False" />
                <line number="94" hits="1" branch="False" />
                <line number="95" hits="1" branch="False" />
                <line number="96" hits="1" branch="False" />
                <line number="98" hits="1" branch="False" />
              </lines>
            </method>
          </methods>
          <lines>
            <line number="93" hits="1" branch="False" />
            <line number="94" hits="1" branch="False" />
            <line number="95" hits="1" branch="False" />
            <line number="96" hits="1" branch="False" />
            <line number="98" hits="1" branch="False" />
          </lines>
        </class>
        <class name="JsonAmveraConvertationApiApp.Services.DBLogicService/&lt;GetRequests&gt;d__8" filename="Desktop\JsonAmveraConvertationApiApp\JsonAmveraConvertationApiApp\Services\DBLogicService.cs" line-rate="1" branch-rate="1" complexity="1">
          <methods>
            <method name="MoveNext" signature="()" line-rate="1" branch-rate="1" complexity="1">
              <lines>
                <line number="86" hits="1" branch="False" />
                <line number="87" hits="1" branch="False" />
                <line number="88" hits="1" branch="False" />
                <line number="89" hits="1" branch="False" />
                <line number="91" hits="1" branch="False" />
              </lines>
            </method>
          </methods>
          <lines>
            <line number="86" hits="1" branch="False" />
            <line number="87" hits="1" branch="False" />
            <line number="88" hits="1" branch="False" />
            <line number="89" hits="1" branch="False" />
            <line number="91" hits="1" branch="False" />
          </lines>
        </class>
        <class name="JsonAmveraConvertationApiApp.Services.DBLogicService/&lt;GetRequestsByHost&gt;d__12" filename="Desktop\JsonAmveraConvertationApiApp\JsonAmveraConvertationApiApp\Services\DBLogicService.cs" line-rate="1" branch-rate="1" complexity="1">
          <methods>
            <method name="MoveNext" signature="()" line-rate="1" branch-rate="1" complexity="1">
              <lines>
                <line number="120" hits="1" branch="False" />
                <line number="121" hits="1" branch="False" />
                <line number="122" hits="1" branch="False" />
                <line number="123" hits="1" branch="False" />
                <line number="124" hits="1" branch="False" />
                <line number="126" hits="1" branch="False" />
              </lines>
            </method>
          </methods>
          <lines>
            <line number="120" hits="1" branch="False" />
            <line number="121" hits="1" branch="False" />
            <line number="122" hits="1" branch="False" />
            <line number="123" hits="1" branch="False" />
            <line number="124" hits="1" branch="False" />
            <line number="126" hits="1" branch="False" />
          </lines>
        </class>
        <class name="JsonAmveraConvertationApiApp.Services.DBLogicService/&lt;UpdateHost&gt;d__5" filename="Desktop\JsonAmveraConvertationApiApp\JsonAmveraConvertationApiApp\Services\DBLogicService.cs" line-rate="1" branch-rate="1" complexity="1">
          <methods>
            <method name="MoveNext" signature="()" line-rate="1" branch-rate="1" complexity="1">
              <lines>
                <line number="55" hits="1" branch="False" />
                <line number="56" hits="1" branch="False" />
                <line number="57" hits="1" branch="False" />
                <line number="58" hits="1" branch="False" />
                <line number="59" hits="1" branch="False" />
                <line number="60" hits="1" branch="False" />
                <line number="61" hits="1" branch="False" />
                <line number="62" hits="1" branch="False" />
                <line number="64" hits="1" branch="False" />
              </lines>
            </method>
          </methods>
          <lines>
            <line number="55" hits="1" branch="False" />
            <line number="56" hits="1" branch="False" />
            <line number="57" hits="1" branch="False" />
            <line number="58" hits="1" branch="False" />
            <line number="59" hits="1" branch="False" />
            <line number="60" hits="1" branch="False" />
            <line number="61" hits="1" branch="False" />
            <line number="62" hits="1" branch="False" />
            <line number="64" hits="1" branch="False" />
          </lines>
        </class>
        <class name="JsonAmveraConvertationApiApp.Services.DBLogicService/&lt;UpdateRequest&gt;d__10" filename="Desktop\JsonAmveraConvertationApiApp\JsonAmveraConvertationApiApp\Services\DBLogicService.cs" line-rate="1" branch-rate="1" complexity="1">
          <methods>
            <method name="MoveNext" signature="()" line-rate="1" branch-rate="1" complexity="1">
              <lines>
                <line number="100" hits="1" branch="False" />
                <line number="101" hits="1" branch="False" />
                <line number="102" hits="1" branch="False" />
                <line number="103" hits="1" branch="False" />
                <line number="104" hits="1" branch="False" />
                <line number="105" hits="1" branch="False" />
                <line number="106" hits="1" branch="False" />
                <line number="107" hits="1" branch="False" />
                <line number="108" hits="1" branch="False" />
                <line number="110" hits="1" branch="False" />
              </lines>
            </method>
          </methods>
          <lines>
            <line number="100" hits="1" branch="False" />
            <line number="101" hits="1" branch="False" />
            <line number="102" hits="1" branch="False" />
            <line number="103" hits="1" branch="False" />
            <line number="104" hits="1" branch="False" />
            <line number="105" hits="1" branch="False" />
            <line number="106" hits="1" branch="False" />
            <line number="107" hits="1" branch="False" />
            <line number="108" hits="1" branch="False" />
            <line number="110" hits="1" branch="False" />
          </lines>
        </class>
        <class name="JsonAmveraConvertationApiApp.Services.DBLogicService/&lt;isUserNew&gt;d__0" filename="Desktop\JsonAmveraConvertationApiApp\JsonAmveraConvertationApiApp\Services\DBLogicService.cs" line-rate="1" branch-rate="1" complexity="4">
          <methods>
            <method name="MoveNext" signature="()" line-rate="1" branch-rate="1" complexity="4">
              <lines>
                <line number="10" hits="2" branch="False" />
                <line number="11" hits="2" branch="False" />
                <line number="12" hits="2" branch="False" />
                <line number="13" hits="21" branch="True" condition-coverage="100% (2/2)">
                  <conditions>
                    <condition number="253" type="jump" coverage="100%" />
                  </conditions>
                </line>
                <line number="14" hits="8" branch="False" />
                <line number="15" hits="8" branch="True" condition-coverage="100% (2/2)">
                  <conditions>
                    <condition number="227" type="jump" coverage="100%" />
                  </conditions>
                </line>
                <line number="16" hits="1" branch="False" />
                <line number="17" hits="1" branch="False" />
                <line number="19" hits="7" branch="False" />
                <line number="20" hits="1" branch="False" />
                <line number="22" hits="2" branch="False" />
              </lines>
            </method>
          </methods>
          <lines>
            <line number="10" hits="2" branch="False" />
            <line number="11" hits="2" branch="False" />
            <line number="12" hits="2" branch="False" />
            <line number="13" hits="21" branch="True" condition-coverage="100% (2/2)">
              <conditions>
                <condition number="253" type="jump" coverage="100%" />
              </conditions>
            </line>
            <line number="14" hits="8" branch="False" />
            <line number="15" hits="8" branch="True" condition-coverage="100% (2/2)">
              <conditions>
                <condition number="227" type="jump" coverage="100%" />
              </conditions>
            </line>
            <line number="16" hits="1" branch="False" />
            <line number="17" hits="1" branch="False" />
            <line number="19" hits="7" branch="False" />
            <line number="20" hits="1" branch="False" />
            <line number="22" hits="2" branch="False" />
          </lines>
        </class>
        <class name="JsonAmveraConvertationApiApp.Services.MainLogicService/&lt;GetServerInfo&gt;d__0" filename="Desktop\JsonAmveraConvertationApiApp\JsonAmveraConvertationApiApp\Services\MainLogicService.cs" line-rate="1" branch-rate="1" complexity="1">
          <methods>
            <method name="MoveNext" signature="()" line-rate="1" branch-rate="1" complexity="1">
              <lines>
                <line number="8" hits="1" branch="False" />
                <line number="9" hits="1" branch="False" />
                <line number="10" hits="1" branch="False" />
              </lines>
            </method>
          </methods>
          <lines>
            <line number="8" hits="1" branch="False" />
            <line number="9" hits="1" branch="False" />
            <line number="10" hits="1" branch="False" />
          </lines>
        </class>
        <class name="JsonAmveraConvertationApiApp.Services.MainLogicService/&lt;GetServerStatus&gt;d__1" filename="Desktop\JsonAmveraConvertationApiApp\JsonAmveraConvertationApiApp\Services\MainLogicService.cs" line-rate="1" branch-rate="1" complexity="1">
          <methods>
            <method name="MoveNext" signature="()" line-rate="1" branch-rate="1" complexity="1">
              <lines>
                <line number="12" hits="1" branch="False" />
                <line number="13" hits="1" branch="False" />
                <line number="14" hits="1" branch="False" />
                <line number="15" hits="1" branch="False" />
                <line number="16" hits="1" branch="False" />
                <line number="17" hits="1" branch="False" />
                <line number="18" hits="1" branch="False" />
                <line number="19" hits="1" branch="False" />
              </lines>
            </method>
          </methods>
          <lines>
            <line number="12" hits="1" branch="False" />
            <line number="13" hits="1" branch="False" />
            <line number="14" hits="1" branch="False" />
            <line number="15" hits="1" branch="False" />
            <line number="16" hits="1" branch="False" />
            <line number="17" hits="1" branch="False" />
            <line number="18" hits="1" branch="False" />
            <line number="19" hits="1" branch="False" />
          </lines>
        </class>
        <class name="JsonAmveraConvertationApiApp.Services.SimpleBaseConverter" filename="Desktop\JsonAmveraConvertationApiApp\JsonAmveraConvertationApiApp\Services\SimpleBaseConverter.cs" line-rate="1" branch-rate="1" complexity="2">
          <methods>
            <method name="ConvertBase" signature="(JsonAmveraConvertationApiApp.Messages.Messages/ConvertInputMessage)" line-rate="1" branch-rate="1" complexity="2">
              <lines>
                <line number="8" hits="2" branch="False" />
                <line number="10" hits="2" branch="False" />
                <line number="12" hits="2" branch="False" />
                <line number="14" hits="20" branch="True" condition-coverage="100% (2/2)">
                  <conditions>
                    <condition number="63" type="jump" coverage="100%" />
                  </conditions>
                </line>
                <line number="15" hits="18" branch="False" />
                <line number="16" hits="18" branch="False" />
                <line number="17" hits="18" branch="False" />
                <line number="18" hits="18" branch="False" />
                <line number="20" hits="2" branch="False" />
                <line number="22" hits="2" branch="False" />
                <line number="23" hits="2" branch="False" />
              </lines>
            </method>
          </methods>
          <lines>
            <line number="8" hits="2" branch="False" />
            <line number="10" hits="2" branch="False" />
            <line number="12" hits="2" branch="False" />
            <line number="14" hits="20" branch="True" condition-coverage="100% (2/2)">
              <conditions>
                <condition number="63" type="jump" coverage="100%" />
              </conditions>
            </line>
            <line number="15" hits="18" branch="False" />
            <line number="16" hits="18" branch="False" />
            <line number="17" hits="18" branch="False" />
            <line number="18" hits="18" branch="False" />
            <line number="20" hits="2" branch="False" />
            <line number="22" hits="2" branch="False" />
            <line number="23" hits="2" branch="False" />
          </lines>
        </class>
        <class name="JsonAmveraConvertationApiApp.Model.PostgreSQLDBContext" filename="Desktop\JsonAmveraConvertationApiApp\JsonAmveraConvertationApiApp\Model\PostgreSQLDBContext.cs" line-rate="1" branch-rate="1" complexity="3">
          <methods>
            <method name="get_KnownHosts" signature="()" line-rate="1" branch-rate="1" complexity="1">
              <lines>
                <line number="9" hits="26" branch="False" />
              </lines>
            </method>
            <method name="get_Requests" signature="()" line-rate="1" branch-rate="1" complexity="1">
              <lines>
                <line number="10" hits="21" branch="False" />
              </lines>
            </method>
            <method name="OnConfiguring" signature="(Microsoft.EntityFrameworkCore.DbContextOptionsBuilder)" line-rate="1" branch-rate="1" complexity="1">
              <lines>
                <line number="12" hits="14" branch="False" />
                <line number="14" hits="14" branch="False" />
                <line number="15" hits="14" branch="False" />
                <line number="16" hits="14" branch="False" />
                <line number="17" hits="14" branch="False" />
                <line number="19" hits="14" branch="False" />
                <line number="20" hits="14" branch="False" />
                <line number="21" hits="14" branch="False" />
              </lines>
            </method>
          </methods>
          <lines>
            <line number="9" hits="26" branch="False" />
            <line number="10" hits="21" branch="False" />
            <line number="12" hits="14" branch="False" />
            <line number="14" hits="14" branch="False" />
            <line number="15" hits="14" branch="False" />
            <line number="16" hits="14" branch="False" />
            <line number="17" hits="14" branch="False" />
            <line number="19" hits="14" branch="False" />
            <line number="20" hits="14" branch="False" />
            <line number="21" hits="14" branch="False" />
          </lines>
        </class>
        <class name="JsonAmveraConvertationApiApp.Model.Entities.KnownHost" filename="Desktop\JsonAmveraConvertationApiApp\JsonAmveraConvertationApiApp\Model\Entities\KnownHost.cs" line-rate="1" branch-rate="1" complexity="3">
          <methods>
            <method name="get_Id" signature="()" line-rate="1" branch-rate="1" complexity="1">
              <lines>
                <line number="5" hits="4" branch="False" />
              </lines>
            </method>
            <method name="get_UserAgent" signature="()" line-rate="1" branch-rate="1" complexity="1">
              <lines>
                <line number="6" hits="8" branch="False" />
              </lines>
            </method>
            <method name="get_IP" signature="()" line-rate="1" branch-rate="1" complexity="1">
              <lines>
                <line number="7" hits="22" branch="False" />
              </lines>
            </method>
          </methods>
          <lines>
            <line number="5" hits="4" branch="False" />
            <line number="6" hits="8" branch="False" />
            <line number="7" hits="22" branch="False" />
          </lines>
        </class>
        <class name="JsonAmveraConvertationApiApp.Model.Entities.Request" filename="Desktop\JsonAmveraConvertationApiApp\JsonAmveraConvertationApiApp\Model\Entities\Request.cs" line-rate="1" branch-rate="1" complexity="4">
          <methods>
            <method name="get_Id" signature="()" line-rate="1" branch-rate="1" complexity="1">
              <lines>
                <line number="5" hits="3" branch="False" />
              </lines>
            </method>
            <method name="get_KnownHost" signature="()" line-rate="1" branch-rate="1" complexity="1">
              <lines>
                <line number="6" hits="10" branch="False" />
              </lines>
            </method>
            <method name="get_isHttps" signature="()" line-rate="1" branch-rate="1" complexity="1">
              <lines>
                <line number="7" hits="5" branch="False" />
              </lines>
            </method>
            <method name="get_Path" signature="()" line-rate="1" branch-rate="1" complexity="1">
              <lines>
                <line number="8" hits="7" branch="False" />
              </lines>
            </method>
          </methods>
          <lines>
            <line number="5" hits="3" branch="False" />
            <line number="6" hits="10" branch="False" />
            <line number="7" hits="5" branch="False" />
            <line number="8" hits="7" branch="False" />
          </lines>
        </class>
        <class name="JsonAmveraConvertationApiApp.Messages.Messages" filename="Desktop\JsonAmveraConvertationApiApp\JsonAmveraConvertationApiApp\Messages\Messages.cs" line-rate="0" branch-rate="1" complexity="1">
          <methods>
            <method name=".cctor" signature="()" line-rate="0" branch-rate="1" complexity="1">
              <lines>
                <line number="6" hits="0" branch="False" />
                <line number="7" hits="0" branch="False" />
                <line number="8" hits="0" branch="False" />
                <line number="9" hits="0" branch="False" />
                <line number="10" hits="0" branch="False" />
                <line number="11" hits="0" branch="False" />
                <line number="12" hits="0" branch="False" />
                <line number="13" hits="0" branch="False" />
                <line number="14" hits="0" branch="False" />
                <line number="15" hits="0" branch="False" />
                <line number="16" hits="0" branch="False" />
                <line number="17" hits="0" branch="False" />
                <line number="18" hits="0" branch="False" />
                <line number="19" hits="0" branch="False" />
                <line number="20" hits="0" branch="False" />
                <line number="21" hits="0" branch="False" />
                <line number="22" hits="0" branch="False" />
                <line number="23" hits="0" branch="False" />
                <line number="24" hits="0" branch="False" />
                <line number="25" hits="0" branch="False" />
                <line number="26" hits="0" branch="False" />
                <line number="27" hits="0" branch="False" />
                <line number="28" hits="0" branch="False" />
                <line number="29" hits="0" branch="False" />
                <line number="30" hits="0" branch="False" />
                <line number="31" hits="0" branch="False" />
                <line number="32" hits="0" branch="False" />
                <line number="33" hits="0" branch="False" />
                <line number="34" hits="0" branch="False" />
                <line number="35" hits="0" branch="False" />
                <line number="36" hits="0" branch="False" />
                <line number="37" hits="0" branch="False" />
                <line number="38" hits="0" branch="False" />
              </lines>
            </method>
          </methods>
          <lines>
            <line number="6" hits="0" branch="False" />
            <line number="7" hits="0" branch="False" />
            <line number="8" hits="0" branch="False" />
            <line number="9" hits="0" branch="False" />
            <line number="10" hits="0" branch="False" />
            <line number="11" hits="0" branch="False" />
            <line number="12" hits="0" branch="False" />
            <line number="13" hits="0" branch="False" />
            <line number="14" hits="0" branch="False" />
            <line number="15" hits="0" branch="False" />
            <line number="16" hits="0" branch="False" />
            <line number="17" hits="0" branch="False" />
            <line number="18" hits="0" branch="False" />
            <line number="19" hits="0" branch="False" />
            <line number="20" hits="0" branch="False" />
            <line number="21" hits="0" branch="False" />
            <line number="22" hits="0" branch="False" />
            <line number="23" hits="0" branch="False" />
            <line number="24" hits="0" branch="False" />
            <line number="25" hits="0" branch="False" />
            <line number="26" hits="0" branch="False" />
            <line number="27" hits="0" branch="False" />
            <line number="28" hits="0" branch="False" />
            <line number="29" hits="0" branch="False" />
            <line number="30" hits="0" branch="False" />
            <line number="31" hits="0" branch="False" />
            <line number="32" hits="0" branch="False" />
            <line number="33" hits="0" branch="False" />
            <line number="34" hits="0" branch="False" />
            <line number="35" hits="0" branch="False" />
            <line number="36" hits="0" branch="False" />
            <line number="37" hits="0" branch="False" />
            <line number="38" hits="0" branch="False" />
          </lines>
        </class>
        <class name="JsonAmveraConvertationApiApp.Messages.Messages/IPMessage" filename="Desktop\JsonAmveraConvertationApiApp\JsonAmveraConvertationApiApp\Messages\Messages.cs" line-rate="0" branch-rate="1" complexity="1">
          <methods>
            <method name="get_IP" signature="()" line-rate="0" branch-rate="1" complexity="1">
              <lines>
                <line number="5" hits="0" branch="False" />
              </lines>
            </method>
          </methods>
          <lines>
            <line number="5" hits="0" branch="False" />
          </lines>
        </class>
        <class name="JsonAmveraConvertationApiApp.Messages.Messages/ConvertInputMessage" filename="Desktop\JsonAmveraConvertationApiApp\JsonAmveraConvertationApiApp\Messages\Messages.cs" line-rate="0.75" branch-rate="1" complexity="5">
          <methods>
            <method name="get_FromBase" signature="()" line-rate="1" branch-rate="1" complexity="1">
              <lines>
                <line number="41" hits="6" branch="False" />
              </lines>
            </method>
            <method name="get_ToBase" signature="()" line-rate="1" branch-rate="1" complexity="1">
              <lines>
                <line number="42" hits="40" branch="False" />
              </lines>
            </method>
            <method name="get_Number" signature="()" line-rate="1" branch-rate="1" complexity="1">
              <lines>
                <line number="43" hits="6" branch="False" />
              </lines>
            </method>
            <method name="ToString" signature="()" line-rate="0" branch-rate="1" complexity="1">
              <lines>
                <line number="51" hits="0" branch="False" />
                <line number="52" hits="0" branch="False" />
                <line number="53" hits="0" branch="False" />
              </lines>
            </method>
            <method name=".ctor" signature="(System.String,System.Int32,System.Int32)" line-rate="1" branch-rate="1" complexity="1">
              <lines>
                <line number="44" hits="2" branch="False" />
                <line number="45" hits="2" branch="False" />
                <line number="46" hits="2" branch="False" />
                <line number="47" hits="2" branch="False" />
                <line number="48" hits="2" branch="False" />
                <line number="49" hits="2" branch="False" />
              </lines>
            </method>
          </methods>
          <lines>
            <line number="41" hits="6" branch="False" />
            <line number="42" hits="40" branch="False" />
            <line number="43" hits="6" branch="False" />
            <line number="51" hits="0" branch="False" />
            <line number="52" hits="0" branch="False" />
            <line number="53" hits="0" branch="False" />
            <line number="44" hits="2" branch="False" />
            <line number="45" hits="2" branch="False" />
            <line number="46" hits="2" branch="False" />
            <line number="47" hits="2" branch="False" />
            <line number="48" hits="2" branch="False" />
            <line number="49" hits="2" branch="False" />
          </lines>
        </class>
        <class name="JsonAmveraConvertationApiApp.Messages.Messages/ConvertOutputMessage" filename="Desktop\JsonAmveraConvertationApiApp\JsonAmveraConvertationApiApp\Messages\Messages.cs" line-rate="0.7857" branch-rate="1" complexity="6">
          <methods>
            <method name="get_FromBase" signature="()" line-rate="1" branch-rate="1" complexity="1">
              <lines>
                <line number="57" hits="2" branch="False" />
              </lines>
            </method>
            <method name="get_ToBase" signature="()" line-rate="1" branch-rate="1" complexity="1">
              <lines>
                <line number="58" hits="2" branch="False" />
              </lines>
            </method>
            <method name="get_Number" signature="()" line-rate="1" branch-rate="1" complexity="1">
              <lines>
                <line number="59" hits="2" branch="False" />
              </lines>
            </method>
            <method name="get_Result" signature="()" line-rate="1" branch-rate="1" complexity="1">
              <lines>
                <line number="60" hits="4" branch="False" />
              </lines>
            </method>
            <method name="ToString" signature="()" line-rate="0" branch-rate="1" complexity="1">
              <lines>
                <line number="69" hits="0" branch="False" />
                <line number="70" hits="0" branch="False" />
                <line number="71" hits="0" branch="False" />
              </lines>
            </method>
            <method name=".ctor" signature="(System.String,System.Int32,System.Int32,System.String)" line-rate="1" branch-rate="1" complexity="1">
              <lines>
                <line number="61" hits="2" branch="False" />
                <line number="62" hits="2" branch="False" />
                <line number="63" hits="2" branch="False" />
                <line number="64" hits="2" branch="False" />
                <line number="65" hits="2" branch="False" />
                <line number="66" hits="2" branch="False" />
                <line number="67" hits="2" branch="False" />
              </lines>
            </method>
          </methods>
          <lines>
            <line number="57" hits="2" branch="False" />
            <line number="58" hits="2" branch="False" />
            <line number="59" hits="2" branch="False" />
            <line number="60" hits="4" branch="False" />
            <line number="69" hits="0" branch="False" />
            <line number="70" hits="0" branch="False" />
            <line number="71" hits="0" branch="False" />
            <line number="61" hits="2" branch="False" />
            <line number="62" hits="2" branch="False" />
            <line number="63" hits="2" branch="False" />
            <line number="64" hits="2" branch="False" />
            <line number="65" hits="2" branch="False" />
            <line number="66" hits="2" branch="False" />
            <line number="67" hits="2" branch="False" />
          </lines>
        </class>
        <class name="JsonAmveraConvertationApiApp.Messages.Messages/StatusMessage" filename="Desktop\JsonAmveraConvertationApiApp\JsonAmveraConvertationApiApp\Messages\Messages.cs" line-rate="1" branch-rate="1" complexity="4">
          <methods>
            <method name="get_ServerName" signature="()" line-rate="1" branch-rate="1" complexity="1">
              <lines>
                <line number="76" hits="1" branch="False" />
              </lines>
            </method>
            <method name="get_HostName" signature="()" line-rate="1" branch-rate="1" complexity="1">
              <lines>
                <line number="77" hits="1" branch="False" />
              </lines>
            </method>
            <method name="get_OCVersion" signature="()" line-rate="1" branch-rate="1" complexity="1">
              <lines>
                <line number="78" hits="1" branch="False" />
              </lines>
            </method>
            <method name="get_CPUCores" signature="()" line-rate="1" branch-rate="1" complexity="1">
              <lines>
                <line number="79" hits="1" branch="False" />
              </lines>
            </method>
          </methods>
          <lines>
            <line number="76" hits="1" branch="False" />
            <line number="77" hits="1" branch="False" />
            <line number="78" hits="1" branch="False" />
            <line number="79" hits="1" branch="False" />
          </lines>
        </class>
        <class name="JsonAmveraConvertationApiApp.Messages.Messages/InfoMessage" filename="Desktop\JsonAmveraConvertationApiApp\JsonAmveraConvertationApiApp\Messages\Messages.cs" line-rate="0" branch-rate="1" complexity="1">
          <methods>
            <method name="get_MethodsAndDescription" signature="()" line-rate="0" branch-rate="1" complexity="1">
              <lines>
                <line number="86" hits="0" branch="False" />
                <line number="87" hits="0" branch="False" />
                <line number="88" hits="0" branch="False" />
              </lines>
            </method>
          </methods>
          <lines>
            <line number="86" hits="0" branch="False" />
            <line number="87" hits="0" branch="False" />
            <line number="88" hits="0" branch="False" />
          </lines>
        </class>
        <class name="JsonAmveraConvertationApiApp.Messages.Messages/MethodDescription" filename="Desktop\JsonAmveraConvertationApiApp\JsonAmveraConvertationApiApp\Messages\Messages.cs" line-rate="0" branch-rate="1" complexity="3">
          <methods>
            <method name="get_MethodName" signature="()" line-rate="0" branch-rate="1" complexity="1">
              <lines>
                <line number="94" hits="0" branch="False" />
              </lines>
            </method>
            <method name="get_MethodUrl" signature="()" line-rate="0" branch-rate="1" complexity="1">
              <lines>
                <line number="95" hits="0" branch="False" />
              </lines>
            </method>
            <method name="get_Description" signature="()" line-rate="0" branch-rate="1" complexity="1">
              <lines>
                <line number="96" hits="0" branch="False" />
              </lines>
            </method>
          </methods>
          <lines>
            <line number="94" hits="0" branch="False" />
            <line number="95" hits="0" branch="False" />
            <line number="96" hits="0" branch="False" />
          </lines>
        </class>
        <class name="JsonAmveraConvertationApiApp.Messages.Messages/ErrorMessage" filename="Desktop\JsonAmveraConvertationApiApp\JsonAmveraConvertationApiApp\Messages\Messages.cs" line-rate="0" branch-rate="1" complexity="3">
          <methods>
            <method name="get_Error" signature="()" line-rate="0" branch-rate="1" complexity="1">
              <lines>
                <line number="100" hits="0" branch="False" />
              </lines>
            </method>
            <method name="ToString" signature="()" line-rate="0" branch-rate="1" complexity="1">
              <lines>
                <line number="106" hits="0" branch="False" />
                <line number="107" hits="0" branch="False" />
                <line number="108" hits="0" branch="False" />
              </lines>
            </method>
            <method name=".ctor" signature="(System.Exception)" line-rate="0" branch-rate="1" complexity="1">
              <lines>
                <line number="101" hits="0" branch="False" />
                <line number="102" hits="0" branch="False" />
                <line number="103" hits="0" branch="False" />
                <line number="104" hits="0" branch="False" />
              </lines>
            </method>
          </methods>
          <lines>
            <line number="100" hits="0" branch="False" />
            <line number="106" hits="0" branch="False" />
            <line number="107" hits="0" branch="False" />
            <line number="108" hits="0" branch="False" />
            <line number="101" hits="0" branch="False" />
            <line number="102" hits="0" branch="False" />
            <line number="103" hits="0" branch="False" />
            <line number="104" hits="0" branch="False" />
          </lines>
        </class>
        <class name="JsonAmveraConvertationApiApp.Controllers.ConverterController" filename="Desktop\JsonAmveraConvertationApiApp\JsonAmveraConvertationApiApp\Controllers\ConverterController.cs" line-rate="0" branch-rate="1" complexity="1">
          <methods>
            <method name=".ctor" signature="(JsonAmveraConvertationApiApp.Services.ConverterLogicService,Microsoft.Extensions.Logging.ILogger`1&lt;JsonAmveraConvertationApiApp.Controllers.ConverterController&gt;)" line-rate="0" branch-rate="1" complexity="1">
              <lines>
                <line number="10" hits="0" branch="False" />
                <line number="11" hits="0" branch="False" />
                <line number="12" hits="0" branch="False" />
                <line number="13" hits="0" branch="False" />
                <line number="14" hits="0" branch="False" />
              </lines>
            </method>
          </methods>
          <lines>
            <line number="10" hits="0" branch="False" />
            <line number="11" hits="0" branch="False" />
            <line number="12" hits="0" branch="False" />
            <line number="13" hits="0" branch="False" />
            <line number="14" hits="0" branch="False" />
          </lines>
        </class>
        <class name="JsonAmveraConvertationApiApp.Controllers.ConverterController/&lt;Convert&gt;d__3" filename="Desktop\JsonAmveraConvertationApiApp\JsonAmveraConvertationApiApp\Controllers\ConverterController.cs" line-rate="0" branch-rate="0" complexity="2">
          <methods>
            <method name="MoveNext" signature="()" line-rate="0" branch-rate="0" complexity="2">
              <lines>
                <line number="16" hits="0" branch="False" />
                <line number="17" hits="0" branch="False" />
                <line number="18" hits="0" branch="False" />
                <line number="20" hits="0" branch="False" />
                <line number="21" hits="0" branch="False" />
                <line number="22" hits="0" branch="True" condition-coverage="0% (0/2)">
                  <conditions>
                    <condition number="263" type="jump" coverage="0%" />
                  </conditions>
                </line>
                <line number="23" hits="0" branch="False" />
                <line number="24" hits="0" branch="False" />
                <line number="27" hits="0" branch="False" />
                <line number="28" hits="0" branch="False" />
                <line number="29" hits="0" branch="False" />
                <line number="30" hits="0" branch="False" />
                <line number="31" hits="0" branch="False" />
                <line number="32" hits="0" branch="False" />
                <line number="33" hits="0" branch="False" />
                <line number="34" hits="0" branch="False" />
                <line number="35" hits="0" branch="False" />
                <line number="36" hits="0" branch="False" />
                <line number="37" hits="0" branch="False" />
                <line number="38" hits="0" branch="False" />
                <line number="39" hits="0" branch="False" />
                <line number="40" hits="0" branch="False" />
              </lines>
            </method>
          </methods>
          <lines>
            <line number="16" hits="0" branch="False" />
            <line number="17" hits="0" branch="False" />
            <line number="18" hits="0" branch="False" />
            <line number="20" hits="0" branch="False" />
            <line number="21" hits="0" branch="False" />
            <line number="22" hits="0" branch="True" condition-coverage="0% (0/2)">
              <conditions>
                <condition number="263" type="jump" coverage="0%" />
              </conditions>
            </line>
            <line number="23" hits="0" branch="False" />
            <line number="24" hits="0" branch="False" />
            <line number="27" hits="0" branch="False" />
            <line number="28" hits="0" branch="False" />
            <line number="29" hits="0" branch="False" />
            <line number="30" hits="0" branch="False" />
            <line number="31" hits="0" branch="False" />
            <line number="32" hits="0" branch="False" />
            <line number="33" hits="0" branch="False" />
            <line number="34" hits="0" branch="False" />
            <line number="35" hits="0" branch="False" />
            <line number="36" hits="0" branch="False" />
            <line number="37" hits="0" branch="False" />
            <line number="38" hits="0" branch="False" />
            <line number="39" hits="0" branch="False" />
            <line number="40" hits="0" branch="False" />
          </lines>
        </class>
        <class name="JsonAmveraConvertationApiApp.Controllers.DBController" filename="Desktop\JsonAmveraConvertationApiApp\JsonAmveraConvertationApiApp\Controllers\DBController.cs" line-rate="0" branch-rate="1" complexity="1">
          <methods>
            <method name=".ctor" signature="(Microsoft.Extensions.Logging.ILogger`1&lt;JsonAmveraConvertationApiApp.Controllers.DBController&gt;,JsonAmveraConvertationApiApp.Services.DBLogicService)" line-rate="0" branch-rate="1" complexity="1">
              <lines>
                <line number="11" hits="0" branch="False" />
                <line number="12" hits="0" branch="False" />
                <line number="13" hits="0" branch="False" />
                <line number="14" hits="0" branch="False" />
                <line number="15" hits="0" branch="False" />
              </lines>
            </method>
          </methods>
          <lines>
            <line number="11" hits="0" branch="False" />
            <line number="12" hits="0" branch="False" />
            <line number="13" hits="0" branch="False" />
            <line number="14" hits="0" branch="False" />
            <line number="15" hits="0" branch="False" />
          </lines>
        </class>
        <class name="JsonAmveraConvertationApiApp.Controllers.DBController/&lt;AddHost&gt;d__4" filename="Desktop\JsonAmveraConvertationApiApp\JsonAmveraConvertationApiApp\Controllers\DBController.cs" line-rate="0" branch-rate="1" complexity="1">
          <methods>
            <method name="MoveNext" signature="()" line-rate="0" branch-rate="1" complexity="1">
              <lines>
                <line number="32" hits="0" branch="False" />
                <line number="34" hits="0" branch="False" />
                <line number="35" hits="0" branch="False" />
                <line number="36" hits="0" branch="False" />
                <line number="37" hits="0" branch="False" />
                <line number="38" hits="0" branch="False" />
                <line number="39" hits="0" branch="False" />
                <line number="40" hits="0" branch="False" />
                <line number="41" hits="0" branch="False" />
                <line number="42" hits="0" branch="False" />
                <line number="43" hits="0" branch="False" />
                <line number="44" hits="0" branch="False" />
                <line number="45" hits="0" branch="False" />
                <line number="46" hits="0" branch="False" />
                <line number="47" hits="0" branch="False" />
              </lines>
            </method>
          </methods>
          <lines>
            <line number="32" hits="0" branch="False" />
            <line number="34" hits="0" branch="False" />
            <line number="35" hits="0" branch="False" />
            <line number="36" hits="0" branch="False" />
            <line number="37" hits="0" branch="False" />
            <line number="38" hits="0" branch="False" />
            <line number="39" hits="0" branch="False" />
            <line number="40" hits="0" branch="False" />
            <line number="41" hits="0" branch="False" />
            <line number="42" hits="0" branch="False" />
            <line number="43" hits="0" branch="False" />
            <line number="44" hits="0" branch="False" />
            <line number="45" hits="0" branch="False" />
            <line number="46" hits="0" branch="False" />
            <line number="47" hits="0" branch="False" />
          </lines>
        </class>
        <class name="JsonAmveraConvertationApiApp.Controllers.DBController/&lt;AddRequest&gt;d__5" filename="Desktop\JsonAmveraConvertationApiApp\JsonAmveraConvertationApiApp\Controllers\DBController.cs" line-rate="0" branch-rate="1" complexity="1">
          <methods>
            <method name="MoveNext" signature="()" line-rate="0" branch-rate="1" complexity="1">
              <lines>
                <line number="49" hits="0" branch="False" />
                <line number="51" hits="0" branch="False" />
                <line number="52" hits="0" branch="False" />
                <line number="53" hits="0" branch="False" />
                <line number="54" hits="0" branch="False" />
                <line number="55" hits="0" branch="False" />
                <line number="56" hits="0" branch="False" />
                <line number="57" hits="0" branch="False" />
                <line number="58" hits="0" branch="False" />
                <line number="59" hits="0" branch="False" />
                <line number="60" hits="0" branch="False" />
                <line number="61" hits="0" branch="False" />
                <line number="62" hits="0" branch="False" />
                <line number="63" hits="0" branch="False" />
              </lines>
            </method>
          </methods>
          <lines>
            <line number="49" hits="0" branch="False" />
            <line number="51" hits="0" branch="False" />
            <line number="52" hits="0" branch="False" />
            <line number="53" hits="0" branch="False" />
            <line number="54" hits="0" branch="False" />
            <line number="55" hits="0" branch="False" />
            <line number="56" hits="0" branch="False" />
            <line number="57" hits="0" branch="False" />
            <line number="58" hits="0" branch="False" />
            <line number="59" hits="0" branch="False" />
            <line number="60" hits="0" branch="False" />
            <line number="61" hits="0" branch="False" />
            <line number="62" hits="0" branch="False" />
            <line number="63" hits="0" branch="False" />
          </lines>
        </class>
        <class name="JsonAmveraConvertationApiApp.Controllers.DBController/&lt;GetHosts&gt;d__6" filename="Desktop\JsonAmveraConvertationApiApp\JsonAmveraConvertationApiApp\Controllers\DBController.cs" line-rate="0" branch-rate="1" complexity="1">
          <methods>
            <method name="MoveNext" signature="()" line-rate="0" branch-rate="1" complexity="1">
              <lines>
                <line number="65" hits="0" branch="False" />
                <line number="66" hits="0" branch="False" />
                <line number="67" hits="0" branch="False" />
              </lines>
            </method>
          </methods>
          <lines>
            <line number="65" hits="0" branch="False" />
            <line number="66" hits="0" branch="False" />
            <line number="67" hits="0" branch="False" />
          </lines>
        </class>
        <class name="JsonAmveraConvertationApiApp.Controllers.DBController/&lt;GetRequests&gt;d__7" filename="Desktop\JsonAmveraConvertationApiApp\JsonAmveraConvertationApiApp\Controllers\DBController.cs" line-rate="0" branch-rate="1" complexity="1">
          <methods>
            <method name="MoveNext" signature="()" line-rate="0" branch-rate="1" complexity="1">
              <lines>
                <line number="69" hits="0" branch="False" />
                <line number="70" hits="0" branch="False" />
                <line number="71" hits="0" branch="False" />
              </lines>
            </method>
          </methods>
          <lines>
            <line number="69" hits="0" branch="False" />
            <line number="70" hits="0" branch="False" />
            <line number="71" hits="0" branch="False" />
          </lines>
        </class>
        <class name="JsonAmveraConvertationApiApp.Controllers.DBController/&lt;GetRequestsByHost&gt;d__8" filename="Desktop\JsonAmveraConvertationApiApp\JsonAmveraConvertationApiApp\Controllers\DBController.cs" line-rate="0" branch-rate="1" complexity="1">
          <methods>
            <method name="MoveNext" signature="()" line-rate="0" branch-rate="1" complexity="1">
              <lines>
                <line number="74" hits="0" branch="False" />
                <line number="75" hits="0" branch="False" />
                <line number="76" hits="0" branch="False" />
                <line number="77" hits="0" branch="False" />
              </lines>
            </method>
          </methods>
          <lines>
            <line number="74" hits="0" branch="False" />
            <line number="75" hits="0" branch="False" />
            <line number="76" hits="0" branch="False" />
            <line number="77" hits="0" branch="False" />
          </lines>
        </class>
        <class name="JsonAmveraConvertationApiApp.Controllers.DBController/&lt;isUserNew&gt;d__3" filename="Desktop\JsonAmveraConvertationApiApp\JsonAmveraConvertationApiApp\Controllers\DBController.cs" line-rate="0" branch-rate="1" complexity="1">
          <methods>
            <method name="MoveNext" signature="()" line-rate="0" branch-rate="1" complexity="1">
              <lines>
                <line number="18" hits="0" branch="False" />
                <line number="20" hits="0" branch="False" />
                <line number="21" hits="0" branch="False" />
                <line number="22" hits="0" branch="False" />
                <line number="24" hits="0" branch="False" />
                <line number="25" hits="0" branch="False" />
                <line number="26" hits="0" branch="False" />
                <line number="27" hits="0" branch="False" />
                <line number="28" hits="0" branch="False" />
                <line number="30" hits="0" branch="False" />
              </lines>
            </method>
          </methods>
          <lines>
            <line number="18" hits="0" branch="False" />
            <line number="20" hits="0" branch="False" />
            <line number="21" hits="0" branch="False" />
            <line number="22" hits="0" branch="False" />
            <line number="24" hits="0" branch="False" />
            <line number="25" hits="0" branch="False" />
            <line number="26" hits="0" branch="False" />
            <line number="27" hits="0" branch="False" />
            <line number="28" hits="0" branch="False" />
            <line number="30" hits="0" branch="False" />
          </lines>
        </class>
        <class name="JsonAmveraConvertationApiApp.Controllers.MainController" filename="Desktop\JsonAmveraConvertationApiApp\JsonAmveraConvertationApiApp\Controllers\MainController.cs" line-rate="0" branch-rate="1" complexity="1">
          <methods>
            <method name=".ctor" signature="(JsonAmveraConvertationApiApp.Services.MainLogicService,Microsoft.Extensions.Logging.ILogger`1&lt;JsonAmveraConvertationApiApp.Controllers.MainController&gt;)" line-rate="0" branch-rate="1" complexity="1">
              <lines>
                <line number="9" hits="0" branch="False" />
                <line number="10" hits="0" branch="False" />
                <line number="11" hits="0" branch="False" />
                <line number="12" hits="0" branch="False" />
                <line number="13" hits="0" branch="False" />
              </lines>
            </method>
          </methods>
          <lines>
            <line number="9" hits="0" branch="False" />
            <line number="10" hits="0" branch="False" />
            <line number="11" hits="0" branch="False" />
            <line number="12" hits="0" branch="False" />
            <line number="13" hits="0" branch="False" />
          </lines>
        </class>
        <class name="JsonAmveraConvertationApiApp.Controllers.MainController/&lt;GetServerInfo&gt;d__3" filename="Desktop\JsonAmveraConvertationApiApp\JsonAmveraConvertationApiApp\Controllers\MainController.cs" line-rate="0" branch-rate="1" complexity="1">
          <methods>
            <method name="MoveNext" signature="()" line-rate="0" branch-rate="1" complexity="1">
              <lines>
                <line number="16" hits="0" branch="False" />
                <line number="17" hits="0" branch="False" />
                <line number="18" hits="0" branch="False" />
                <line number="19" hits="0" branch="False" />
              </lines>
            </method>
          </methods>
          <lines>
            <line number="16" hits="0" branch="False" />
            <line number="17" hits="0" branch="False" />
            <line number="18" hits="0" branch="False" />
            <line number="19" hits="0" branch="False" />
          </lines>
        </class>
        <class name="JsonAmveraConvertationApiApp.Controllers.MainController/&lt;GetServerStatus&gt;d__4" filename="Desktop\JsonAmveraConvertationApiApp\JsonAmveraConvertationApiApp\Controllers\MainController.cs" line-rate="0" branch-rate="1" complexity="1">
          <methods>
            <method name="MoveNext" signature="()" line-rate="0" branch-rate="1" complexity="1">
              <lines>
                <line number="21" hits="0" branch="False" />
                <line number="22" hits="0" branch="False" />
                <line number="23" hits="0" branch="False" />
                <line number="24" hits="0" branch="False" />
              </lines>
            </method>
          </methods>
          <lines>
            <line number="21" hits="0" branch="False" />
            <line number="22" hits="0" branch="False" />
            <line number="23" hits="0" branch="False" />
            <line number="24" hits="0" branch="False" />
          </lines>
        </class>
      </classes>
    </package>
    <package name="UnitTests" line-rate="0.9859" branch-rate="1" complexity="18">
      <classes>
        <class name="AutoGeneratedProgram" filename=".nuget\packages\microsoft.net.test.sdk\17.3.2\build\netcoreapp2.1\Microsoft.NET.Test.Sdk.Program.cs" line-rate="0" branch-rate="1" complexity="1">
          <methods>
            <method name="Main" signature="(System.String[])" line-rate="0" branch-rate="1" complexity="1">
              <lines>
                <line number="4" hits="0" branch="False" />
              </lines>
            </method>
          </methods>
          <lines>
            <line number="4" hits="0" branch="False" />
          </lines>
        </class>
        <class name="UnitTests.Tests" filename="Desktop\JsonAmveraConvertationApiApp\UnitTests\UnitTests.cs" line-rate="1" branch-rate="1" complexity="7">
          <methods>
            <method name="Setup" signature="()" line-rate="1" branch-rate="1" complexity="1">
              <lines>
                <line number="15" hits="5" branch="False" />
                <line number="16" hits="5" branch="False" />
                <line number="17" hits="5" branch="False" />
                <line number="18" hits="5" branch="False" />
                <line number="19" hits="5" branch="False" />
                <line number="20" hits="5" branch="False" />
              </lines>
            </method>
            <method name="get_ReturnedHost" signature="()" line-rate="1" branch-rate="1" complexity="1">
              <lines>
                <line number="39" hits="7" branch="False" />
              </lines>
            </method>
            <method name="get_ReturnedRequest" signature="()" line-rate="1" branch-rate="1" complexity="1">
              <lines>
                <line number="40" hits="13" branch="False" />
              </lines>
            </method>
            <method name="MainLogicServiceTest" signature="()" line-rate="1" branch-rate="1" complexity="1">
              <lines>
                <line number="90" hits="1" branch="False" />
                <line number="91" hits="1" branch="False" />
                <line number="92" hits="1" branch="False" />
                <line number="93" hits="1" branch="False" />
              </lines>
            </method>
            <method name="ConverterLogicServiceTest" signature="()" line-rate="1" branch-rate="1" complexity="1">
              <lines>
                <line number="96" hits="1" branch="False" />
                <line number="97" hits="1" branch="False" />
                <line number="98" hits="1" branch="False" />
                <line number="99" hits="1" branch="False" />
                <line number="100" hits="1" branch="False" />
              </lines>
            </method>
            <method name="ConverterTest" signature="()" line-rate="1" branch-rate="1" complexity="1">
              <lines>
                <line number="103" hits="1" branch="False" />
                <line number="104" hits="1" branch="False" />
                <line number="105" hits="1" branch="False" />
                <line number="106" hits="1" branch="False" />
                <line number="107" hits="1" branch="False" />
                <line number="108" hits="1" branch="False" />
              </lines>
            </method>
            <method name=".cctor" signature="()" line-rate="1" branch-rate="1" complexity="1">
              <lines>
                <line number="21" hits="1" branch="False" />
                <line number="22" hits="1" branch="False" />
                <line number="23" hits="1" branch="False" />
                <line number="24" hits="1" branch="False" />
                <line number="25" hits="1" branch="False" />
                <line number="26" hits="1" branch="False" />
                <line number="27" hits="1" branch="False" />
                <line number="28" hits="1" branch="False" />
                <line number="29" hits="1" branch="False" />
                <line number="30" hits="1" branch="False" />
                <line number="31" hits="1" branch="False" />
                <line number="32" hits="1" branch="False" />
                <line number="33" hits="1" branch="False" />
                <line number="34" hits="1" branch="False" />
                <line number="35" hits="1" branch="False" />
              </lines>
            </method>
          </methods>
          <lines>
            <line number="15" hits="5" branch="False" />
            <line number="16" hits="5" branch="False" />
            <line number="17" hits="5" branch="False" />
            <line number="18" hits="5" branch="False" />
            <line number="19" hits="5" branch="False" />
            <line number="20" hits="5" branch="False" />
            <line number="39" hits="7" branch="False" />
            <line number="40" hits="13" branch="False" />
            <line number="90" hits="1" branch="False" />
            <line number="91" hits="1" branch="False" />
            <line number="92" hits="1" branch="False" />
            <line number="93" hits="1" branch="False" />
            <line number="96" hits="1" branch="False" />
            <line number="97" hits="1" branch="False" />
            <line number="98" hits="1" branch="False" />
            <line number="99" hits="1" branch="False" />
            <line number="100" hits="1" branch="False" />
            <line number="103" hits="1" branch="False" />
            <line number="104" hits="1" branch="False" />
            <line number="105" hits="1" branch="False" />
            <line number="106" hits="1" branch="False" />
            <line number="107" hits="1" branch="False" />
            <line number="108" hits="1" branch="False" />
            <line number="21" hits="1" branch="False" />
            <line number="22" hits="1" branch="False" />
            <line number="23" hits="1" branch="False" />
            <line number="24" hits="1" branch="False" />
            <line number="25" hits="1" branch="False" />
            <line number="26" hits="1" branch="False" />
            <line number="27" hits="1" branch="False" />
            <line number="28" hits="1" branch="False" />
            <line number="29" hits="1" branch="False" />
            <line number="30" hits="1" branch="False" />
            <line number="31" hits="1" branch="False" />
            <line number="32" hits="1" branch="False" />
            <line number="33" hits="1" branch="False" />
            <line number="34" hits="1" branch="False" />
            <line number="35" hits="1" branch="False" />
          </lines>
        </class>
        <class name="UnitTests.Tests/&lt;&lt;KnownHostTests&gt;b__18_0&gt;d" filename="Desktop\JsonAmveraConvertationApiApp\UnitTests\UnitTests.cs" line-rate="1" branch-rate="1" complexity="1">
          <methods>
            <method name="MoveNext" signature="()" line-rate="1" branch-rate="1" complexity="1">
              <lines>
                <line number="53" hits="2" branch="False" />
              </lines>
            </method>
          </methods>
          <lines>
            <line number="53" hits="2" branch="False" />
          </lines>
        </class>
        <class name="UnitTests.Tests/&lt;&lt;KnownHostTests&gt;b__18_1&gt;d" filename="Desktop\JsonAmveraConvertationApiApp\UnitTests\UnitTests.cs" line-rate="1" branch-rate="1" complexity="1">
          <methods>
            <method name="MoveNext" signature="()" line-rate="1" branch-rate="1" complexity="1">
              <lines>
                <line number="54" hits="2" branch="False" />
              </lines>
            </method>
          </methods>
          <lines>
            <line number="54" hits="2" branch="False" />
          </lines>
        </class>
        <class name="UnitTests.Tests/&lt;&lt;KnownHostTests&gt;b__18_2&gt;d" filename="Desktop\JsonAmveraConvertationApiApp\UnitTests\UnitTests.cs" line-rate="1" branch-rate="1" complexity="1">
          <methods>
            <method name="MoveNext" signature="()" line-rate="1" branch-rate="1" complexity="1">
              <lines>
                <line number="55" hits="2" branch="False" />
              </lines>
            </method>
          </methods>
          <lines>
            <line number="55" hits="2" branch="False" />
          </lines>
        </class>
        <class name="UnitTests.Tests/&lt;&lt;KnownHostTests&gt;b__18_3&gt;d" filename="Desktop\JsonAmveraConvertationApiApp\UnitTests\UnitTests.cs" line-rate="1" branch-rate="1" complexity="1">
          <methods>
            <method name="MoveNext" signature="()" line-rate="1" branch-rate="1" complexity="1">
              <lines>
                <line number="56" hits="2" branch="False" />
              </lines>
            </method>
          </methods>
          <lines>
            <line number="56" hits="2" branch="False" />
          </lines>
        </class>
        <class name="UnitTests.Tests/&lt;&lt;RequestsTests&gt;b__19_0&gt;d" filename="Desktop\JsonAmveraConvertationApiApp\UnitTests\UnitTests.cs" line-rate="1" branch-rate="1" complexity="1">
          <methods>
            <method name="MoveNext" signature="()" line-rate="1" branch-rate="1" complexity="1">
              <lines>
                <line number="76" hits="2" branch="False" />
              </lines>
            </method>
          </methods>
          <lines>
            <line number="76" hits="2" branch="False" />
          </lines>
        </class>
        <class name="UnitTests.Tests/&lt;&lt;RequestsTests&gt;b__19_1&gt;d" filename="Desktop\JsonAmveraConvertationApiApp\UnitTests\UnitTests.cs" line-rate="1" branch-rate="1" complexity="1">
          <methods>
            <method name="MoveNext" signature="()" line-rate="1" branch-rate="1" complexity="1">
              <lines>
                <line number="77" hits="2" branch="False" />
              </lines>
            </method>
          </methods>
          <lines>
            <line number="77" hits="2" branch="False" />
          </lines>
        </class>
        <class name="UnitTests.Tests/&lt;&lt;RequestsTests&gt;b__19_2&gt;d" filename="Desktop\JsonAmveraConvertationApiApp\UnitTests\UnitTests.cs" line-rate="1" branch-rate="1" complexity="1">
          <methods>
            <method name="MoveNext" signature="()" line-rate="1" branch-rate="1" complexity="1">
              <lines>
                <line number="84" hits="4" branch="False" />
              </lines>
            </method>
          </methods>
          <lines>
            <line number="84" hits="4" branch="False" />
          </lines>
        </class>
        <class name="UnitTests.Tests/&lt;&lt;RequestsTests&gt;b__19_3&gt;d" filename="Desktop\JsonAmveraConvertationApiApp\UnitTests\UnitTests.cs" line-rate="1" branch-rate="1" complexity="1">
          <methods>
            <method name="MoveNext" signature="()" line-rate="1" branch-rate="1" complexity="1">
              <lines>
                <line number="85" hits="2" branch="False" />
              </lines>
            </method>
          </methods>
          <lines>
            <line number="85" hits="2" branch="False" />
          </lines>
        </class>
        <class name="UnitTests.Tests/&lt;KnownHostTests&gt;d__18" filename="Desktop\JsonAmveraConvertationApiApp\UnitTests\UnitTests.cs" line-rate="1" branch-rate="1" complexity="1">
          <methods>
            <method name="MoveNext" signature="()" line-rate="1" branch-rate="1" complexity="1">
              <lines>
                <line number="44" hits="1" branch="False" />
                <line number="46" hits="1" branch="False" />
                <line number="48" hits="1" branch="False" />
                <line number="49" hits="1" branch="False" />
                <line number="50" hits="1" branch="False" />
                <line number="52" hits="1" branch="False" />
                <line number="58" hits="1" branch="False" />
                <line number="59" hits="1" branch="False" />
                <line number="60" hits="1" branch="False" />
                <line number="61" hits="1" branch="False" />
                <line number="62" hits="1" branch="False" />
              </lines>
            </method>
          </methods>
          <lines>
            <line number="44" hits="1" branch="False" />
            <line number="46" hits="1" branch="False" />
            <line number="48" hits="1" branch="False" />
            <line number="49" hits="1" branch="False" />
            <line number="50" hits="1" branch="False" />
            <line number="52" hits="1" branch="False" />
            <line number="58" hits="1" branch="False" />
            <line number="59" hits="1" branch="False" />
            <line number="60" hits="1" branch="False" />
            <line number="61" hits="1" branch="False" />
            <line number="62" hits="1" branch="False" />
          </lines>
        </class>
        <class name="UnitTests.Tests/&lt;RequestsTests&gt;d__19" filename="Desktop\JsonAmveraConvertationApiApp\UnitTests\UnitTests.cs" line-rate="1" branch-rate="1" complexity="1">
          <methods>
            <method name="MoveNext" signature="()" line-rate="1" branch-rate="1" complexity="1">
              <lines>
                <line number="65" hits="1" branch="False" />
                <line number="67" hits="1" branch="False" />
                <line number="69" hits="1" branch="False" />
                <line number="70" hits="1" branch="False" />
                <line number="71" hits="1" branch="False" />
                <line number="72" hits="1" branch="False" />
                <line number="73" hits="1" branch="False" />
                <line number="75" hits="1" branch="False" />
                <line number="79" hits="1" branch="False" />
                <line number="81" hits="1" branch="False" />
                <line number="82" hits="1" branch="False" />
                <line number="83" hits="1" branch="False" />
                <line number="86" hits="1" branch="False" />
              </lines>
            </method>
          </methods>
          <lines>
            <line number="65" hits="1" branch="False" />
            <line number="67" hits="1" branch="False" />
            <line number="69" hits="1" branch="False" />
            <line number="70" hits="1" branch="False" />
            <line number="71" hits="1" branch="False" />
            <line number="72" hits="1" branch="False" />
            <line number="73" hits="1" branch="False" />
            <line number="75" hits="1" branch="False" />
            <line number="79" hits="1" branch="False" />
            <line number="81" hits="1" branch="False" />
            <line number="82" hits="1" branch="False" />
            <line number="83" hits="1" branch="False" />
            <line number="86" hits="1" branch="False" />
          </lines>
        </class>
      </classes>
    </package>
  </packages>
</coverage>